Using pre-set license
Built from '2022.3/staging' branch; Version is '2022.3.21f1 (bf09ca542b87) revision 12519882'; Using compiler version '192829333'; Build Type 'Release'
OS: 'Windows 11  (10.0.26100) 64bit Professional' Language: 'en' Physical Memory: 15791 MB
BatchMode: 1, IsHumanControllingUs: 0, StartBugReporterOnCrash: 0, Is64bit: 1, IsPro: 1

COMMAND LINE ARGUMENTS:
C:\Program Files\Unity\Hub\Editor\2022.3.21f1\Editor\Unity.exe
-adb2
-batchMode
-noUpm
-name
AssetImportWorker0
-projectPath
C:/Users/user/Desktop/BlackRaven/BlackRaven
-logFile
Logs/AssetImportWorker0.log
-srvPort
51291
Successfully changed project path to: C:/Users/user/Desktop/BlackRaven/BlackRaven
C:/Users/user/Desktop/BlackRaven/BlackRaven
[UnityMemory] Configuration Parameters - Can be set up in boot.config
    "memorysetup-bucket-allocator-granularity=16"
    "memorysetup-bucket-allocator-bucket-count=8"
    "memorysetup-bucket-allocator-block-size=33554432"
    "memorysetup-bucket-allocator-block-count=8"
    "memorysetup-main-allocator-block-size=16777216"
    "memorysetup-thread-allocator-block-size=16777216"
    "memorysetup-gfx-main-allocator-block-size=16777216"
    "memorysetup-gfx-thread-allocator-block-size=16777216"
    "memorysetup-cache-allocator-block-size=4194304"
    "memorysetup-typetree-allocator-block-size=2097152"
    "memorysetup-profiler-bucket-allocator-granularity=16"
    "memorysetup-profiler-bucket-allocator-bucket-count=8"
    "memorysetup-profiler-bucket-allocator-block-size=33554432"
    "memorysetup-profiler-bucket-allocator-block-count=8"
    "memorysetup-profiler-allocator-block-size=16777216"
    "memorysetup-profiler-editor-allocator-block-size=1048576"
    "memorysetup-temp-allocator-size-main=16777216"
    "memorysetup-job-temp-allocator-block-size=2097152"
    "memorysetup-job-temp-allocator-block-size-background=1048576"
    "memorysetup-job-temp-allocator-reduction-small-platforms=262144"
    "memorysetup-allocator-temp-initial-block-size-main=262144"
    "memorysetup-allocator-temp-initial-block-size-worker=262144"
    "memorysetup-temp-allocator-size-background-worker=32768"
    "memorysetup-temp-allocator-size-job-worker=262144"
    "memorysetup-temp-allocator-size-preload-manager=33554432"
    "memorysetup-temp-allocator-size-nav-mesh-worker=65536"
    "memorysetup-temp-allocator-size-audio-worker=65536"
    "memorysetup-temp-allocator-size-cloud-worker=32768"
    "memorysetup-temp-allocator-size-gi-baking-worker=262144"
    "memorysetup-temp-allocator-size-gfx=262144"
Player connection [13608] Host "[IP] 192.168.56.1 [Port] 0 [Flags] 2 [Guid] 4108737433 [EditorId] 4108737433 [Version] 1048832 [Id] WindowsEditor(7,pingvi) [Debug] 1 [PackageName] WindowsEditor [ProjectName] Editor" joined multi-casting on [225.0.0.222:54997]...

Player connection [13608] Host "[IP] 192.168.56.1 [Port] 0 [Flags] 2 [Guid] 4108737433 [EditorId] 4108737433 [Version] 1048832 [Id] WindowsEditor(7,pingvi) [Debug] 1 [PackageName] WindowsEditor [ProjectName] Editor" joined alternative multi-casting on [225.0.0.222:34997]...

[Physics::Module] Initialized MultithreadedJobDispatcher with 15 workers.
Refreshing native plugins compatible for Editor in 7.78 ms, found 3 plugins.
Preloading 0 native plugins for Editor in 0.00 ms.
Initialize engine version: 2022.3.21f1 (bf09ca542b87)
[Subsystems] Discovering subsystems at path C:/Program Files/Unity/Hub/Editor/2022.3.21f1/Editor/Data/Resources/UnitySubsystems
[Subsystems] Discovering subsystems at path C:/Users/user/Desktop/BlackRaven/BlackRaven/Assets
GfxDevice: creating device client; threaded=0; jobified=0
Direct3D:
    Version:  Direct3D 11.0 [level 11.1]
    Renderer: NVIDIA GeForce RTX 3070 Laptop GPU (ID=0x249d)
    Vendor:   NVIDIA
    VRAM:     8020 MB
    Driver:   32.0.15.6607
Initialize mono
Mono path[0] = 'C:/Program Files/Unity/Hub/Editor/2022.3.21f1/Editor/Data/Managed'
Mono path[1] = 'C:/Program Files/Unity/Hub/Editor/2022.3.21f1/Editor/Data/MonoBleedingEdge/lib/mono/unityjit-win32'
Mono config path = 'C:/Program Files/Unity/Hub/Editor/2022.3.21f1/Editor/Data/MonoBleedingEdge/etc'
Using monoOptions --debugger-agent=transport=dt_socket,embedding=1,server=y,suspend=n,address=127.0.0.1:56556
Begin MonoManager ReloadAssembly
Registering precompiled unity dll's ...
Register platform support module: C:/Program Files/Unity/Hub/Editor/2022.3.21f1/Editor/Data/PlaybackEngines/WindowsStandaloneSupport/UnityEditor.WindowsStandalone.Extensions.dll
Registered in 0.006001 seconds.
- Loaded All Assemblies, in  0.337 seconds
Native extension for WindowsStandalone target not found
Mono: successfully reloaded assembly
- Finished resetting the current domain, in  0.284 seconds
Domain Reload Profiling: 620ms
	BeginReloadAssembly (105ms)
		ExecutionOrderSort (0ms)
		DisableScriptedObjects (0ms)
		BackupInstance (0ms)
		ReleaseScriptingObjects (0ms)
		CreateAndSetChildDomain (1ms)
	RebuildCommonClasses (36ms)
	RebuildNativeTypeToScriptingClass (9ms)
	initialDomainReloadingComplete (57ms)
	LoadAllAssembliesAndSetupDomain (128ms)
		LoadAssemblies (103ms)
		RebuildTransferFunctionScriptingTraits (0ms)
		AnalyzeDomain (126ms)
			TypeCache.Refresh (125ms)
				TypeCache.ScanAssembly (112ms)
			ScanForSourceGeneratedMonoScriptInfo (0ms)
			ResolveRequiredComponents (0ms)
	FinalizeReload (285ms)
		ReleaseScriptCaches (0ms)
		RebuildScriptCaches (0ms)
		SetupLoadedEditorAssemblies (225ms)
			LogAssemblyErrors (0ms)
			InitializePlatformSupportModulesInManaged (11ms)
			SetLoadedEditorAssemblies (7ms)
			RefreshPlugins (0ms)
			BeforeProcessingInitializeOnLoad (3ms)
			ProcessInitializeOnLoadAttributes (155ms)
			ProcessInitializeOnLoadMethodAttributes (50ms)
			AfterProcessingInitializeOnLoad (0ms)
			EditorAssembliesLoaded (0ms)
		ExecutionOrderSort2 (0ms)
		AwakeInstancesAfterBackupRestoration (0ms)
========================================================================
Worker process is ready to serve import requests
Begin MonoManager ReloadAssembly
- Loaded All Assemblies, in  0.642 seconds
Refreshing native plugins compatible for Editor in 4.73 ms, found 3 plugins.
Native extension for WindowsStandalone target not found
Mono: successfully reloaded assembly
- Finished resetting the current domain, in  0.584 seconds
Domain Reload Profiling: 1224ms
	BeginReloadAssembly (139ms)
		ExecutionOrderSort (0ms)
		DisableScriptedObjects (4ms)
		BackupInstance (0ms)
		ReleaseScriptingObjects (0ms)
		CreateAndSetChildDomain (19ms)
	RebuildCommonClasses (32ms)
	RebuildNativeTypeToScriptingClass (8ms)
	initialDomainReloadingComplete (44ms)
	LoadAllAssembliesAndSetupDomain (416ms)
		LoadAssemblies (329ms)
		RebuildTransferFunctionScriptingTraits (0ms)
		AnalyzeDomain (174ms)
			TypeCache.Refresh (155ms)
				TypeCache.ScanAssembly (138ms)
			ScanForSourceGeneratedMonoScriptInfo (14ms)
			ResolveRequiredComponents (3ms)
	FinalizeReload (584ms)
		ReleaseScriptCaches (0ms)
		RebuildScriptCaches (0ms)
		SetupLoadedEditorAssemblies (429ms)
			LogAssemblyErrors (0ms)
			InitializePlatformSupportModulesInManaged (6ms)
			SetLoadedEditorAssemblies (3ms)
			RefreshPlugins (0ms)
			BeforeProcessingInitializeOnLoad (58ms)
			ProcessInitializeOnLoadAttributes (331ms)
			ProcessInitializeOnLoadMethodAttributes (24ms)
			AfterProcessingInitializeOnLoad (7ms)
			EditorAssembliesLoaded (0ms)
		ExecutionOrderSort2 (0ms)
		AwakeInstancesAfterBackupRestoration (9ms)
Launched and connected shader compiler UnityShaderCompiler.exe after 0.06 seconds
Refreshing native plugins compatible for Editor in 3.39 ms, found 3 plugins.
Preloading 0 native plugins for Editor in 0.00 ms.
Unloading 3134 Unused Serialized files (Serialized files now loaded: 0)
Unloading 33 unused Assets / (56.9 KB). Loaded Objects now: 3595.
Memory consumption went from 122.0 MB to 122.0 MB.
Total: 4.488200 ms (FindLiveObjects: 0.282000 ms CreateObjectMapping: 0.298200 ms MarkObjects: 3.748500 ms  DeleteObjects: 0.158300 ms)

AssetImportParameters requested are different than current active one (requested -> active):
  custom:container-demuxer-ogg: 62fdf1f143b41e24485cea50d1cbac27 -> 
  custom:video-codec-MediaFoundation-h265: 746d11721c4dcdbdad8f713fa42b33f4 -> 
  custom:video-decoder-ogg-theora: a1e56fd34408186e4bbccfd4996cb3dc -> 
  custom:framework-win-MediaFoundation: 216162199b28c13a410421893ffa2e32 -> 
  custom:CustomObjectIndexerAttribute: 9a22284fe3817be447336de3de66b15e -> 
  custom:container-demuxer-webm: 4f35f7cbe854078d1ac9338744f61a02 -> 
  custom:container-muxer-webm: aa71ff27fc2769a1b78a27578f13a17b -> 
  custom:video-decoder-webm-vp8: 9c59270c3fd7afecdb556c50c9e8de78 -> 
  custom:SearchIndexIgnoredProperties: e643bd26f0fe6173181afceb89e7c659 -> 
  custom:AudioImporter_EditorPlatform: d09bf68614088b80899f8185d706f6e7 -> 
  custom:video-encoder-webm-vp8: eb34c28f22e8b96e1ab97ce403110664 -> 
  custom:audio-decoder-ogg-vorbis: bf7c407c2cedff20999df2af8eb42d56 -> 
  custom:audio-encoder-webm-vorbis: bf7c407c2cedff20999df2af8eb42d56 -> 
========================================================================
Received Import Request.
  Time since last request: 283235.524254 seconds.
  path: Assets/Textures/boat.jpg
  artifactKey: Guid(52126bda4518aa545855a67a21ffa522) Importer(815301076,1909f56bfc062723c751e8b465ee728b)
Start importing Assets/Textures/boat.jpg using Guid(52126bda4518aa545855a67a21ffa522) Importer(815301076,1909f56bfc062723c751e8b465ee728b)  -> (artifact id: '554e82faaf8a7af632b6037251ff6e80') in 0.077361 seconds
Number of updated asset objects reloaded before import = 0
Number of asset objects unloaded after import = 2
========================================================================
Received Import Request.
  Time since last request: 0.000020 seconds.
  path: Assets/Textures/tree.jpg
  artifactKey: Guid(8f2152f4104905d469600caf923c78be) Importer(815301076,1909f56bfc062723c751e8b465ee728b)
Start importing Assets/Textures/tree.jpg using Guid(8f2152f4104905d469600caf923c78be) Importer(815301076,1909f56bfc062723c751e8b465ee728b)  -> (artifact id: '65489fc2aeb63c3a5cbe3a1d69a0cbf0') in 0.024851 seconds
Number of updated asset objects reloaded before import = 0
Number of asset objects unloaded after import = 2
========================================================================
Received Import Request.
  Time since last request: 0.000016 seconds.
  path: Assets/Textures/1663124774_30-phonoteka-org-p-tekstura-zemli-dlya-fotoshopa-pinterest-39.jpg
  artifactKey: Guid(6b925d1a0592dbc45ab471c46febfea1) Importer(815301076,1909f56bfc062723c751e8b465ee728b)
Start importing Assets/Textures/1663124774_30-phonoteka-org-p-tekstura-zemli-dlya-fotoshopa-pinterest-39.jpg using Guid(6b925d1a0592dbc45ab471c46febfea1) Importer(815301076,1909f56bfc062723c751e8b465ee728b)  -> (artifact id: 'd30151115143b1caba66a8ba93857c07') in 0.018810 seconds
Number of updated asset objects reloaded before import = 0
Number of asset objects unloaded after import = 2
========================================================================
Received Import Request.
  Time since last request: 0.000014 seconds.
  path: Assets/Textures/stone.jpg
  artifactKey: Guid(41c994c7c1509c94e87662e82591f1a5) Importer(815301076,1909f56bfc062723c751e8b465ee728b)
Start importing Assets/Textures/stone.jpg using Guid(41c994c7c1509c94e87662e82591f1a5) Importer(815301076,1909f56bfc062723c751e8b465ee728b)  -> (artifact id: '1f672426a629dbeab69143990d395c53') in 0.018262 seconds
Number of updated asset objects reloaded before import = 0
Number of asset objects unloaded after import = 2
========================================================================
Received Import Request.
  Time since last request: 0.000016 seconds.
  path: Assets/Terrain/Water 1.terrainlayer
  artifactKey: Guid(9ada0b1045c506747a7ceb09b6bf3d8c) Importer(815301076,1909f56bfc062723c751e8b465ee728b)
Start importing Assets/Terrain/Water 1.terrainlayer using Guid(9ada0b1045c506747a7ceb09b6bf3d8c) Importer(815301076,1909f56bfc062723c751e8b465ee728b)  -> (artifact id: '243ddc9a2ce2608488a654a28fa3acb8') in 0.044479 seconds
Number of updated asset objects reloaded before import = 0
Number of asset objects unloaded after import = 2
========================================================================
Received Import Request.
  Time since last request: 0.000043 seconds.
  path: Assets/SkySeries Freebie/6SidedMegaSun.mat
  artifactKey: Guid(c52c5d7968fa6c9499b0b5752f899bfb) Importer(815301076,1909f56bfc062723c751e8b465ee728b)
Start importing Assets/SkySeries Freebie/6SidedMegaSun.mat using Guid(c52c5d7968fa6c9499b0b5752f899bfb) Importer(815301076,1909f56bfc062723c751e8b465ee728b)  -> (artifact id: 'fe72acd5139d17c6792f05cf679d5319') in 0.223554 seconds
Number of updated asset objects reloaded before import = 0
Number of asset objects unloaded after import = 7
========================================================================
Received Import Request.
  Time since last request: 0.000026 seconds.
  path: Assets/Textures/1.jpg
  artifactKey: Guid(de520ea40b84c9e46b1f9b3a2f9e872b) Importer(815301076,1909f56bfc062723c751e8b465ee728b)
Start importing Assets/Textures/1.jpg using Guid(de520ea40b84c9e46b1f9b3a2f9e872b) Importer(815301076,1909f56bfc062723c751e8b465ee728b)  -> (artifact id: 'b723bebfbb231f581f3ae470a2f624bf') in 0.017263 seconds
Number of updated asset objects reloaded before import = 0
Number of asset objects unloaded after import = 2
========================================================================
Received Import Request.
  Time since last request: 0.000030 seconds.
  path: Assets/Textures/4753543.jpg
  artifactKey: Guid(0ee2da4f63200354d8e76a0d729ff1a1) Importer(815301076,1909f56bfc062723c751e8b465ee728b)
Start importing Assets/Textures/4753543.jpg using Guid(0ee2da4f63200354d8e76a0d729ff1a1) Importer(815301076,1909f56bfc062723c751e8b465ee728b)  -> (artifact id: 'a3d558e16c38f12fc68d7ab813d5c1d9') in 0.018700 seconds
Number of updated asset objects reloaded before import = 0
Number of asset objects unloaded after import = 2
========================================================================
Received Import Request.
  Time since last request: 0.000022 seconds.
  path: Assets/Textures/barrel.jpg
  artifactKey: Guid(e2e2efc666ce61a45bbd72db1bed4bb5) Importer(815301076,1909f56bfc062723c751e8b465ee728b)
Start importing Assets/Textures/barrel.jpg using Guid(e2e2efc666ce61a45bbd72db1bed4bb5) Importer(815301076,1909f56bfc062723c751e8b465ee728b)  -> (artifact id: 'e71e36ad2ba7937cbd285a4b78ea3297') in 0.018576 seconds
Number of updated asset objects reloaded before import = 0
Number of asset objects unloaded after import = 2
========================================================================
Received Import Request.
  Time since last request: 0.000017 seconds.
  path: Assets/Textures/box.jpg
  artifactKey: Guid(8118cd64567b9694a8d10324a6b45581) Importer(815301076,1909f56bfc062723c751e8b465ee728b)
Start importing Assets/Textures/box.jpg using Guid(8118cd64567b9694a8d10324a6b45581) Importer(815301076,1909f56bfc062723c751e8b465ee728b)  -> (artifact id: '1be27afd9b8af24b1e8b2b5d38decc11') in 0.017094 seconds
Number of updated asset objects reloaded before import = 0
Number of asset objects unloaded after import = 2
========================================================================
Received Import Request.
  Time since last request: 2.466503 seconds.
  path: Assets/Scenes/Swamp Fever
  artifactKey: Guid(8d1d4304b3bb53d4bb383d0af7183b60) Importer(815301076,1909f56bfc062723c751e8b465ee728b)
Start importing Assets/Scenes/Swamp Fever using Guid(8d1d4304b3bb53d4bb383d0af7183b60) Importer(815301076,1909f56bfc062723c751e8b465ee728b)  -> (artifact id: 'ba5fc27655647560768f1a6d27e0af18') in 0.000562 seconds
Number of updated asset objects reloaded before import = 0
Number of asset objects unloaded after import = 0
========================================================================
Received Import Request.
  Time since last request: 4.938644 seconds.
  path: Assets/Scenes/Homework1.unity
  artifactKey: Guid(b5086f719c0666446be06334f837a656) Importer(815301076,1909f56bfc062723c751e8b465ee728b)
Start importing Assets/Scenes/Homework1.unity using Guid(b5086f719c0666446be06334f837a656) Importer(815301076,1909f56bfc062723c751e8b465ee728b)  -> (artifact id: 'a042069f21831b45bf9b69e8f8f08617') in 0.000494 seconds
Number of updated asset objects reloaded before import = 0
Number of asset objects unloaded after import = 0
========================================================================
Received Import Request.
  Time since last request: 2.602305 seconds.
  path: Assets/Scenes/Howework2.unity
  artifactKey: Guid(6b2184acd9e7962479eacd01a4468a61) Importer(815301076,1909f56bfc062723c751e8b465ee728b)
Start importing Assets/Scenes/Howework2.unity using Guid(6b2184acd9e7962479eacd01a4468a61) Importer(815301076,1909f56bfc062723c751e8b465ee728b)  -> (artifact id: 'caf40576dedac64108efac1019e2a522') in 0.000657 seconds
Number of updated asset objects reloaded before import = 0
Number of asset objects unloaded after import = 0
========================================================================
Received Import Request.
  Time since last request: 25.351649 seconds.
  path: Assets/Scenes/TownLevel.unity
  artifactKey: Guid(6b2184acd9e7962479eacd01a4468a61) Importer(815301076,1909f56bfc062723c751e8b465ee728b)
Start importing Assets/Scenes/TownLevel.unity using Guid(6b2184acd9e7962479eacd01a4468a61) Importer(815301076,1909f56bfc062723c751e8b465ee728b)  -> (artifact id: 'fc4a88afe949f893b2dc4d1989c71bcd') in 0.000586 seconds
Number of updated asset objects reloaded before import = 0
Number of asset objects unloaded after import = 0
========================================================================
Received Import Request.
  Time since last request: 2.379604 seconds.
  path: Assets/Scenes/Swamp Fever/3 - Shanty town.unity
  artifactKey: Guid(7c9790d1d19edb3458eb3f3f29a26177) Importer(815301076,1909f56bfc062723c751e8b465ee728b)
Start importing Assets/Scenes/Swamp Fever/3 - Shanty town.unity using Guid(7c9790d1d19edb3458eb3f3f29a26177) Importer(815301076,1909f56bfc062723c751e8b465ee728b)  -> (artifact id: 'da84704652b4fc7cac5dbbc97b43026d') in 0.000623 seconds
Number of updated asset objects reloaded before import = 0
Number of asset objects unloaded after import = 0
========================================================================
Received Import Request.
  Time since last request: 6.680322 seconds.
  path: Assets/Scenes/SampleScene.unity
  artifactKey: Guid(9fc0d4010bbf28b4594072e72b8655ab) Importer(815301076,1909f56bfc062723c751e8b465ee728b)
Start importing Assets/Scenes/SampleScene.unity using Guid(9fc0d4010bbf28b4594072e72b8655ab) Importer(815301076,1909f56bfc062723c751e8b465ee728b)  -> (artifact id: 'f7fbcefe91bdb2448b17fd34b9919147') in 0.001133 seconds
Number of updated asset objects reloaded before import = 0
Number of asset objects unloaded after import = 0
========================================================================
Received Import Request.
  Time since last request: 1.358359 seconds.
  path: Assets/Scenes/Homework1.unity
  artifactKey: Guid(b5086f719c0666446be06334f837a656) Importer(815301076,1909f56bfc062723c751e8b465ee728b)
Start importing Assets/Scenes/Homework1.unity using Guid(b5086f719c0666446be06334f837a656) Importer(815301076,1909f56bfc062723c751e8b465ee728b)  -> (artifact id: 'db977ef72c03f2018fe4095f3e7fd134') in 0.000500 seconds
Number of updated asset objects reloaded before import = 0
Number of asset objects unloaded after import = 0
========================================================================
Received Import Request.
  Time since last request: 128.473267 seconds.
  path: Assets/Prefabs/Fence
  artifactKey: Guid(4d361bc194523344dad980696b02968a) Importer(815301076,1909f56bfc062723c751e8b465ee728b)
Start importing Assets/Prefabs/Fence using Guid(4d361bc194523344dad980696b02968a) Importer(815301076,1909f56bfc062723c751e8b465ee728b)  -> (artifact id: '1de72b1f0eecf61662ce43a2e88df583') in 0.000771 seconds
Number of updated asset objects reloaded before import = 0
Number of asset objects unloaded after import = 0
========================================================================
Received Import Request.
  Time since last request: 0.818311 seconds.
  path: Assets/Prefabs/Bridge
  artifactKey: Guid(72f8d873bf9670044938f2bbc6c266b5) Importer(815301076,1909f56bfc062723c751e8b465ee728b)
Start importing Assets/Prefabs/Bridge using Guid(72f8d873bf9670044938f2bbc6c266b5) Importer(815301076,1909f56bfc062723c751e8b465ee728b)  -> (artifact id: '7cf6b3fc38707c23c5cafa48a292b7ed') in 0.000637 seconds
Number of updated asset objects reloaded before import = 0
Number of asset objects unloaded after import = 0
========================================================================
Received Import Request.
  Time since last request: 0.071471 seconds.
  path: Assets/Prefabs/Bridge/BigBridge.prefab
  artifactKey: Guid(81e62fea876905c45acd753e5d9fc4f6) Importer(815301076,1909f56bfc062723c751e8b465ee728b)
Start importing Assets/Prefabs/Bridge/BigBridge.prefab using Guid(81e62fea876905c45acd753e5d9fc4f6) Importer(815301076,1909f56bfc062723c751e8b465ee728b)  -> (artifact id: '8f944f8db4aae11325ec14c2556f05ab') in 0.008219 seconds
Number of updated asset objects reloaded before import = 0
Number of asset objects unloaded after import = 121
========================================================================
Received Import Request.
  Time since last request: 0.000014 seconds.
  path: Assets/Prefabs/Bridge/MiddleBridge.prefab
  artifactKey: Guid(4d9f2a3fa3b6c1c49b5821a1a150ec9f) Importer(815301076,1909f56bfc062723c751e8b465ee728b)
Start importing Assets/Prefabs/Bridge/MiddleBridge.prefab using Guid(4d9f2a3fa3b6c1c49b5821a1a150ec9f) Importer(815301076,1909f56bfc062723c751e8b465ee728b)  -> (artifact id: '32b4cca7ac2169bccccf02a43efffe89') in 0.002306 seconds
Number of updated asset objects reloaded before import = 0
Number of asset objects unloaded after import = 121
========================================================================
Received Import Request.
  Time since last request: 2.269135 seconds.
  path: Assets/Prefabs/Items
  artifactKey: Guid(536c77bea4fd68a4a8d77fb79cbbc387) Importer(815301076,1909f56bfc062723c751e8b465ee728b)
Start importing Assets/Prefabs/Items using Guid(536c77bea4fd68a4a8d77fb79cbbc387) Importer(815301076,1909f56bfc062723c751e8b465ee728b)  -> (artifact id: '0190d19eb696dd2d4245595175ca01db') in 0.000494 seconds
Number of updated asset objects reloaded before import = 0
Number of asset objects unloaded after import = 0
========================================================================
Received Import Request.
  Time since last request: 0.095037 seconds.
  path: Assets/Prefabs/Items/Barrel.prefab
  artifactKey: Guid(e05ec69e5d2e152408d0c4535875a8ca) Importer(815301076,1909f56bfc062723c751e8b465ee728b)
Start importing Assets/Prefabs/Items/Barrel.prefab using Guid(e05ec69e5d2e152408d0c4535875a8ca) Importer(815301076,1909f56bfc062723c751e8b465ee728b)  -> (artifact id: 'afb1bb6bb441191b2d1954c4e0f16535') in 0.001838 seconds
Number of updated asset objects reloaded before import = 0
Number of asset objects unloaded after import = 12
========================================================================
Received Import Request.
  Time since last request: 0.000012 seconds.
  path: Assets/Prefabs/Items/Car.prefab
  artifactKey: Guid(e41694c6a80267941bc9243451fc82aa) Importer(815301076,1909f56bfc062723c751e8b465ee728b)
Start importing Assets/Prefabs/Items/Car.prefab using Guid(e41694c6a80267941bc9243451fc82aa) Importer(815301076,1909f56bfc062723c751e8b465ee728b)  -> (artifact id: '1732b6743b3fb0f697ab69d0e70110e4') in 0.001704 seconds
Number of updated asset objects reloaded before import = 0
Number of asset objects unloaded after import = 51
========================================================================
Received Import Request.
  Time since last request: 0.000013 seconds.
  path: Assets/Prefabs/Items/Flashlight.prefab
  artifactKey: Guid(0fb6daf482e03a544ae2cedb0b3c6a68) Importer(815301076,1909f56bfc062723c751e8b465ee728b)
Start importing Assets/Prefabs/Items/Flashlight.prefab using Guid(0fb6daf482e03a544ae2cedb0b3c6a68) Importer(815301076,1909f56bfc062723c751e8b465ee728b)  -> (artifact id: 'fdf328353181b7d529b12fc768a06bbc') in 0.001305 seconds
Number of updated asset objects reloaded before import = 0
Number of asset objects unloaded after import = 12
========================================================================
Received Import Request.
  Time since last request: 0.000010 seconds.
  path: Assets/Prefabs/Items/Rock.prefab
  artifactKey: Guid(d195a32a6c334124691066385bf9fad3) Importer(815301076,1909f56bfc062723c751e8b465ee728b)
Start importing Assets/Prefabs/Items/Rock.prefab using Guid(d195a32a6c334124691066385bf9fad3) Importer(815301076,1909f56bfc062723c751e8b465ee728b)  -> (artifact id: '10471db403a094dc00216605c8e9213c') in 0.001029 seconds
Number of updated asset objects reloaded before import = 0
Number of asset objects unloaded after import = 9
========================================================================
Received Import Request.
  Time since last request: 10.139314 seconds.
  path: Assets/Models/crow.fbx
  artifactKey: Guid(b818efa55d5948e46b11419a1dbb6f72) Importer(815301076,1909f56bfc062723c751e8b465ee728b)
Start importing Assets/Models/crow.fbx using Guid(b818efa55d5948e46b11419a1dbb6f72) Importer(815301076,1909f56bfc062723c751e8b465ee728b)  -> (artifact id: '86ffe629091ee145079283184e924a8c') in 0.122053 seconds
Number of updated asset objects reloaded before import = 0
Number of asset objects unloaded after import = 11
========================================================================
Received Import Request.
  Time since last request: 0.000035 seconds.
  path: Assets/Models/yiil.fbx
  artifactKey: Guid(630e124dc4080314090877d2ed6b0c98) Importer(815301076,1909f56bfc062723c751e8b465ee728b)
Start importing Assets/Models/yiil.fbx using Guid(630e124dc4080314090877d2ed6b0c98) Importer(815301076,1909f56bfc062723c751e8b465ee728b)  -> (artifact id: 'fa738c475b7b0c67fb5ef00c4c04acb4') in 0.085147 seconds
Number of updated asset objects reloaded before import = 0
Number of asset objects unloaded after import = 13
========================================================================
Received Import Request.
  Time since last request: 1.091764 seconds.
  path: Assets/Materials/Alum.mat
  artifactKey: Guid(e1924d4a619694541845971c11940aa2) Importer(815301076,1909f56bfc062723c751e8b465ee728b)
Start importing Assets/Materials/Alum.mat using Guid(e1924d4a619694541845971c11940aa2) Importer(815301076,1909f56bfc062723c751e8b465ee728b)  -> (artifact id: '015355c5ba333b2716051ba2fb757e91') in 0.017092 seconds
Number of updated asset objects reloaded before import = 0
Number of asset objects unloaded after import = 2
========================================================================
Received Import Request.
  Time since last request: 0.000015 seconds.
  path: Assets/Materials/HouseWood.mat
  artifactKey: Guid(fffb072de371a264db72c072449371f7) Importer(815301076,1909f56bfc062723c751e8b465ee728b)
Start importing Assets/Materials/HouseWood.mat using Guid(fffb072de371a264db72c072449371f7) Importer(815301076,1909f56bfc062723c751e8b465ee728b)  -> (artifact id: '1ff34046ae3781fb332d38695c51c570') in 0.015992 seconds
Number of updated asset objects reloaded before import = 0
Number of asset objects unloaded after import = 2
========================================================================
Received Import Request.
  Time since last request: 0.000017 seconds.
  path: Assets/Materials/dekorativnaa-graficeskaa-drevnaa-ramka.jpg
  artifactKey: Guid(8521a1811baeeab4483bc11f830b4029) Importer(815301076,1909f56bfc062723c751e8b465ee728b)
Start importing Assets/Materials/dekorativnaa-graficeskaa-drevnaa-ramka.jpg using Guid(8521a1811baeeab4483bc11f830b4029) Importer(815301076,1909f56bfc062723c751e8b465ee728b)  -> (artifact id: 'f8914a68ec9ab7f17902804596374fe3') in 0.016354 seconds
Number of updated asset objects reloaded before import = 0
Number of asset objects unloaded after import = 2
========================================================================
Received Import Request.
  Time since last request: 0.000020 seconds.
  path: Assets/Materials/LightRust.mat
  artifactKey: Guid(79881a7b9fc06c14399d4f956f831cc1) Importer(815301076,1909f56bfc062723c751e8b465ee728b)
Start importing Assets/Materials/LightRust.mat using Guid(79881a7b9fc06c14399d4f956f831cc1) Importer(815301076,1909f56bfc062723c751e8b465ee728b)  -> (artifact id: '1cece39ed6e22665fb063457116bf1ca') in 0.018719 seconds
Number of updated asset objects reloaded before import = 0
Number of asset objects unloaded after import = 2
========================================================================
Received Import Request.
  Time since last request: 0.000016 seconds.
  path: Assets/Materials/BluePlastic.mat
  artifactKey: Guid(4766574964df56542abf23d3fe39e87c) Importer(815301076,1909f56bfc062723c751e8b465ee728b)
Start importing Assets/Materials/BluePlastic.mat using Guid(4766574964df56542abf23d3fe39e87c) Importer(815301076,1909f56bfc062723c751e8b465ee728b)  -> (artifact id: 'ad64e3086bc12a0c8de680e03bed27d4') in 0.016642 seconds
Number of updated asset objects reloaded before import = 0
Number of asset objects unloaded after import = 2
========================================================================
Received Import Request.
  Time since last request: 0.000015 seconds.
  path: Assets/Materials/Tire_color.mat
  artifactKey: Guid(1507701e255f8d247b0e049c1e49808d) Importer(815301076,1909f56bfc062723c751e8b465ee728b)
Start importing Assets/Materials/Tire_color.mat using Guid(1507701e255f8d247b0e049c1e49808d) Importer(815301076,1909f56bfc062723c751e8b465ee728b)  -> (artifact id: 'fcd78675f757011f0237254b14fd5ec0') in 0.015991 seconds
Number of updated asset objects reloaded before import = 0
Number of asset objects unloaded after import = 1
========================================================================
Received Import Request.
  Time since last request: 0.000015 seconds.
  path: Assets/Materials/LightWood.mat
  artifactKey: Guid(e460b6115bb187f46aaa72e0789e3310) Importer(815301076,1909f56bfc062723c751e8b465ee728b)
Start importing Assets/Materials/LightWood.mat using Guid(e460b6115bb187f46aaa72e0789e3310) Importer(815301076,1909f56bfc062723c751e8b465ee728b)  -> (artifact id: 'd0f0745d4807eea0c209e5455e67678c') in 0.017565 seconds
Number of updated asset objects reloaded before import = 0
Number of asset objects unloaded after import = 2
========================================================================
Received Import Request.
  Time since last request: 0.000015 seconds.
  path: Assets/Materials/car.mat
  artifactKey: Guid(75e5828c16c452345a3060bd339bb220) Importer(815301076,1909f56bfc062723c751e8b465ee728b)
Start importing Assets/Materials/car.mat using Guid(75e5828c16c452345a3060bd339bb220) Importer(815301076,1909f56bfc062723c751e8b465ee728b)  -> (artifact id: 'ec22da362890927cf7fa497e5d337a5d') in 0.016937 seconds
Number of updated asset objects reloaded before import = 0
Number of asset objects unloaded after import = 2
========================================================================
Received Import Request.
  Time since last request: 0.000021 seconds.
  path: Assets/Materials/WaterNet.mat
  artifactKey: Guid(e964a1b74f16c9742810f3c66a4d7027) Importer(815301076,1909f56bfc062723c751e8b465ee728b)
Start importing Assets/Materials/WaterNet.mat using Guid(e964a1b74f16c9742810f3c66a4d7027) Importer(815301076,1909f56bfc062723c751e8b465ee728b)  -> (artifact id: '5fb979866a22daa96932bce1aaa4c4ae') in 0.199109 seconds
Number of updated asset objects reloaded before import = 0
Number of asset objects unloaded after import = 2
========================================================================
Received Import Request.
  Time since last request: 12.289791 seconds.
  path: Assets/Prefabs/Houses/BoatHouse.prefab
  artifactKey: Guid(33bd0a52ba944b7449d913b1b1ada45d) Importer(815301076,1909f56bfc062723c751e8b465ee728b)
Start importing Assets/Prefabs/Houses/BoatHouse.prefab using Guid(33bd0a52ba944b7449d913b1b1ada45d) Importer(815301076,1909f56bfc062723c751e8b465ee728b)  -> (artifact id: '09d43c01f67ecfa5b277468d553c6c83') in 0.002088 seconds
Number of updated asset objects reloaded before import = 0
Number of asset objects unloaded after import = 9
========================================================================
Received Import Request.
  Time since last request: 0.000013 seconds.
  path: Assets/Prefabs/Houses/SimpleHouse.prefab
  artifactKey: Guid(e89f1672a63528648a2beef312c1121e) Importer(815301076,1909f56bfc062723c751e8b465ee728b)
Start importing Assets/Prefabs/Houses/SimpleHouse.prefab using Guid(e89f1672a63528648a2beef312c1121e) Importer(815301076,1909f56bfc062723c751e8b465ee728b)  -> (artifact id: 'e9595711e6fefb79748d1f2387104f17') in 0.001417 seconds
Number of updated asset objects reloaded before import = 0
Number of asset objects unloaded after import = 9
========================================================================
Received Import Request.
  Time since last request: 0.000014 seconds.
  path: Assets/Prefabs/Houses/Toilet.prefab
  artifactKey: Guid(df7bcb2891b3dec499b356701344a214) Importer(815301076,1909f56bfc062723c751e8b465ee728b)
Start importing Assets/Prefabs/Houses/Toilet.prefab using Guid(df7bcb2891b3dec499b356701344a214) Importer(815301076,1909f56bfc062723c751e8b465ee728b)  -> (artifact id: '9ba6346f26dbce5fe106ce86b62c140a') in 0.001464 seconds
Number of updated asset objects reloaded before import = 0
Number of asset objects unloaded after import = 18
========================================================================
Received Import Request.
  Time since last request: 0.000012 seconds.
  path: Assets/Prefabs/Houses/House_1.prefab
  artifactKey: Guid(0844bb127f83a3d47819bf915795db6a) Importer(815301076,1909f56bfc062723c751e8b465ee728b)
Start importing Assets/Prefabs/Houses/House_1.prefab using Guid(0844bb127f83a3d47819bf915795db6a) Importer(815301076,1909f56bfc062723c751e8b465ee728b)  -> (artifact id: 'c0211e643dce39a44359066698d53365') in 0.018665 seconds
Number of updated asset objects reloaded before import = 0
Number of asset objects unloaded after import = 94
========================================================================
Received Import Request.
  Time since last request: 0.000024 seconds.
  path: Assets/Prefabs/Houses/House_8.prefab
  artifactKey: Guid(0f2c910b3ba2c50458a910e7a765a541) Importer(815301076,1909f56bfc062723c751e8b465ee728b)
Start importing Assets/Prefabs/Houses/House_8.prefab using Guid(0f2c910b3ba2c50458a910e7a765a541) Importer(815301076,1909f56bfc062723c751e8b465ee728b)  -> (artifact id: 'd46f04be837c791f5c79b3966c54627c') in 0.001821 seconds
Number of updated asset objects reloaded before import = 0
Number of asset objects unloaded after import = 18
========================================================================
Received Import Request.
  Time since last request: 0.000013 seconds.
  path: Assets/Prefabs/Houses/House_3.prefab
  artifactKey: Guid(f1f0cdd6b4b61284c984fc93a9e48709) Importer(815301076,1909f56bfc062723c751e8b465ee728b)
Start importing Assets/Prefabs/Houses/House_3.prefab using Guid(f1f0cdd6b4b61284c984fc93a9e48709) Importer(815301076,1909f56bfc062723c751e8b465ee728b)  -> (artifact id: '737f577f180d86c145ca85ec01962cf7') in 0.018310 seconds
Number of updated asset objects reloaded before import = 0
Number of asset objects unloaded after import = 120
========================================================================
Received Import Request.
  Time since last request: 0.000025 seconds.
  path: Assets/Prefabs/Houses/StartLevelHouse.prefab
  artifactKey: Guid(2a931dc4eda59de4998458a4b300d0fd) Importer(815301076,1909f56bfc062723c751e8b465ee728b)
Start importing Assets/Prefabs/Houses/StartLevelHouse.prefab using Guid(2a931dc4eda59de4998458a4b300d0fd) Importer(815301076,1909f56bfc062723c751e8b465ee728b)  -> (artifact id: '33744e0aa8d7ef0dd1f5a85981dd97d7') in 0.001677 seconds
Number of updated asset objects reloaded before import = 0
Number of asset objects unloaded after import = 21
========================================================================
Received Import Request.
  Time since last request: 2.699388 seconds.
  path: Assets/Prefabs/Main/Item.prefab
  artifactKey: Guid(8c51ab73625cfe44291bcd2bd7225dcf) Importer(815301076,1909f56bfc062723c751e8b465ee728b)
Start importing Assets/Prefabs/Main/Item.prefab using Guid(8c51ab73625cfe44291bcd2bd7225dcf) Importer(815301076,1909f56bfc062723c751e8b465ee728b)  -> (artifact id: '7705c6865e626df4a7255b1b74168627') in 0.016934 seconds
Number of updated asset objects reloaded before import = 0
Number of asset objects unloaded after import = 8
========================================================================
Received Import Request.
  Time since last request: 0.000018 seconds.
  path: Assets/Prefabs/Main/ZombieSpawn.prefab
  artifactKey: Guid(f67a4bcfeedc0204fb6abd281a7bf18b) Importer(815301076,1909f56bfc062723c751e8b465ee728b)
Start importing Assets/Prefabs/Main/ZombieSpawn.prefab using Guid(f67a4bcfeedc0204fb6abd281a7bf18b) Importer(815301076,1909f56bfc062723c751e8b465ee728b)  -> (artifact id: '2c46368763a47d302fa15e32882ee1fb') in 0.001966 seconds
Number of updated asset objects reloaded before import = 0
Number of asset objects unloaded after import = 9
========================================================================
Received Import Request.
  Time since last request: 1.538227 seconds.
  path: Assets/Prefabs/Fence/NetFence.prefab
  artifactKey: Guid(7599f9bf74d434f44829cf4836f21e3c) Importer(815301076,1909f56bfc062723c751e8b465ee728b)
Start importing Assets/Prefabs/Fence/NetFence.prefab using Guid(7599f9bf74d434f44829cf4836f21e3c) Importer(815301076,1909f56bfc062723c751e8b465ee728b)  -> (artifact id: 'c35e4c6155708a934e7fe52d5b28200b') in 0.001674 seconds
Number of updated asset objects reloaded before import = 0
Number of asset objects unloaded after import = 9
========================================================================
Received Import Request.
  Time since last request: 0.000011 seconds.
  path: Assets/Prefabs/Fence/WoodFence.prefab
  artifactKey: Guid(109ea81c811a7dc4ab17e3c6c001a9dc) Importer(815301076,1909f56bfc062723c751e8b465ee728b)
Start importing Assets/Prefabs/Fence/WoodFence.prefab using Guid(109ea81c811a7dc4ab17e3c6c001a9dc) Importer(815301076,1909f56bfc062723c751e8b465ee728b)  -> (artifact id: '19c3a5d13bbc324780c303fcacfac50d') in 0.001338 seconds
Number of updated asset objects reloaded before import = 0
Number of asset objects unloaded after import = 9
========================================================================
Received Import Request.
  Time since last request: 0.000012 seconds.
  path: Assets/Prefabs/Fence/WoodFenceSmall.prefab
  artifactKey: Guid(1f100590e433d4046b41eb0acab7d684) Importer(815301076,1909f56bfc062723c751e8b465ee728b)
Start importing Assets/Prefabs/Fence/WoodFenceSmall.prefab using Guid(1f100590e433d4046b41eb0acab7d684) Importer(815301076,1909f56bfc062723c751e8b465ee728b)  -> (artifact id: '510f9344f1c53541ae812daa094bd06a') in 0.001482 seconds
Number of updated asset objects reloaded before import = 0
Number of asset objects unloaded after import = 9
========================================================================
Received Prepare
Begin MonoManager ReloadAssembly
- Loaded All Assemblies, in  0.392 seconds
Refreshing native plugins compatible for Editor in 3.40 ms, found 3 plugins.
Native extension for WindowsStandalone target not found
Mono: successfully reloaded assembly
- Finished resetting the current domain, in  0.767 seconds
Domain Reload Profiling: 1157ms
	BeginReloadAssembly (137ms)
		ExecutionOrderSort (0ms)
		DisableScriptedObjects (4ms)
		BackupInstance (0ms)
		ReleaseScriptingObjects (0ms)
		CreateAndSetChildDomain (36ms)
	RebuildCommonClasses (27ms)
	RebuildNativeTypeToScriptingClass (10ms)
	initialDomainReloadingComplete (25ms)
	LoadAllAssembliesAndSetupDomain (191ms)
		LoadAssemblies (249ms)
		RebuildTransferFunctionScriptingTraits (0ms)
		AnalyzeDomain (11ms)
			TypeCache.Refresh (5ms)
				TypeCache.ScanAssembly (0ms)
			ScanForSourceGeneratedMonoScriptInfo (0ms)
			ResolveRequiredComponents (4ms)
	FinalizeReload (768ms)
		ReleaseScriptCaches (0ms)
		RebuildScriptCaches (0ms)
		SetupLoadedEditorAssemblies (297ms)
			LogAssemblyErrors (0ms)
			InitializePlatformSupportModulesInManaged (5ms)
			SetLoadedEditorAssemblies (2ms)
			RefreshPlugins (0ms)
			BeforeProcessingInitializeOnLoad (48ms)
			ProcessInitializeOnLoadAttributes (217ms)
			ProcessInitializeOnLoadMethodAttributes (19ms)
			AfterProcessingInitializeOnLoad (6ms)
			EditorAssembliesLoaded (0ms)
		ExecutionOrderSort2 (0ms)
		AwakeInstancesAfterBackupRestoration (6ms)
Refreshing native plugins compatible for Editor in 3.05 ms, found 3 plugins.
Preloading 0 native plugins for Editor in 0.00 ms.
Unloading 3126 Unused Serialized files (Serialized files now loaded: 0)
Unloading 24 unused Assets / (31.1 KB). Loaded Objects now: 3648.
Memory consumption went from 127.9 MB to 127.9 MB.
Total: 2.746200 ms (FindLiveObjects: 0.214700 ms CreateObjectMapping: 0.073600 ms MarkObjects: 2.407900 ms  DeleteObjects: 0.049000 ms)

Prepare: number of updated asset objects reloaded= 0
AssetImportParameters requested are different than current active one (requested -> active):
  custom:container-demuxer-ogg: 62fdf1f143b41e24485cea50d1cbac27 -> 
  custom:video-codec-MediaFoundation-h265: 746d11721c4dcdbdad8f713fa42b33f4 -> 
  custom:video-decoder-ogg-theora: a1e56fd34408186e4bbccfd4996cb3dc -> 
  custom:framework-win-MediaFoundation: 216162199b28c13a410421893ffa2e32 -> 
  custom:CustomObjectIndexerAttribute: 9a22284fe3817be447336de3de66b15e -> 
  custom:container-demuxer-webm: 4f35f7cbe854078d1ac9338744f61a02 -> 
  custom:container-muxer-webm: aa71ff27fc2769a1b78a27578f13a17b -> 
  custom:video-decoder-webm-vp8: 9c59270c3fd7afecdb556c50c9e8de78 -> 
  custom:SearchIndexIgnoredProperties: e643bd26f0fe6173181afceb89e7c659 -> 
  custom:AudioImporter_EditorPlatform: d09bf68614088b80899f8185d706f6e7 -> 
  custom:video-encoder-webm-vp8: eb34c28f22e8b96e1ab97ce403110664 -> 
  custom:audio-decoder-ogg-vorbis: bf7c407c2cedff20999df2af8eb42d56 -> 
  custom:audio-encoder-webm-vorbis: bf7c407c2cedff20999df2af8eb42d56 -> 
========================================================================
Received Prepare
Begin MonoManager ReloadAssembly
- Loaded All Assemblies, in  0.374 seconds
Refreshing native plugins compatible for Editor in 3.45 ms, found 3 plugins.
Native extension for WindowsStandalone target not found
Mono: successfully reloaded assembly
- Finished resetting the current domain, in  0.781 seconds
Domain Reload Profiling: 1153ms
	BeginReloadAssembly (132ms)
		ExecutionOrderSort (0ms)
		DisableScriptedObjects (4ms)
		BackupInstance (0ms)
		ReleaseScriptingObjects (0ms)
		CreateAndSetChildDomain (31ms)
	RebuildCommonClasses (26ms)
	RebuildNativeTypeToScriptingClass (8ms)
	initialDomainReloadingComplete (26ms)
	LoadAllAssembliesAndSetupDomain (179ms)
		LoadAssemblies (237ms)
		RebuildTransferFunctionScriptingTraits (0ms)
		AnalyzeDomain (10ms)
			TypeCache.Refresh (6ms)
				TypeCache.ScanAssembly (0ms)
			ScanForSourceGeneratedMonoScriptInfo (0ms)
			ResolveRequiredComponents (3ms)
	FinalizeReload (782ms)
		ReleaseScriptCaches (0ms)
		RebuildScriptCaches (0ms)
		SetupLoadedEditorAssemblies (304ms)
			LogAssemblyErrors (0ms)
			InitializePlatformSupportModulesInManaged (5ms)
			SetLoadedEditorAssemblies (2ms)
			RefreshPlugins (0ms)
			BeforeProcessingInitializeOnLoad (51ms)
			ProcessInitializeOnLoadAttributes (223ms)
			ProcessInitializeOnLoadMethodAttributes (17ms)
			AfterProcessingInitializeOnLoad (6ms)
			EditorAssembliesLoaded (0ms)
		ExecutionOrderSort2 (0ms)
		AwakeInstancesAfterBackupRestoration (6ms)
Refreshing native plugins compatible for Editor in 3.83 ms, found 3 plugins.
Preloading 0 native plugins for Editor in 0.00 ms.
Unloading 3127 Unused Serialized files (Serialized files now loaded: 0)
Unloading 24 unused Assets / (31.2 KB). Loaded Objects now: 3651.
Memory consumption went from 130.1 MB to 130.1 MB.
Total: 2.793900 ms (FindLiveObjects: 0.253800 ms CreateObjectMapping: 0.102900 ms MarkObjects: 2.388000 ms  DeleteObjects: 0.048400 ms)

Prepare: number of updated asset objects reloaded= 0
AssetImportParameters requested are different than current active one (requested -> active):
  custom:container-demuxer-ogg: 62fdf1f143b41e24485cea50d1cbac27 -> 
  custom:video-codec-MediaFoundation-h265: 746d11721c4dcdbdad8f713fa42b33f4 -> 
  custom:video-decoder-ogg-theora: a1e56fd34408186e4bbccfd4996cb3dc -> 
  custom:framework-win-MediaFoundation: 216162199b28c13a410421893ffa2e32 -> 
  custom:CustomObjectIndexerAttribute: 9a22284fe3817be447336de3de66b15e -> 
  custom:container-demuxer-webm: 4f35f7cbe854078d1ac9338744f61a02 -> 
  custom:container-muxer-webm: aa71ff27fc2769a1b78a27578f13a17b -> 
  custom:video-decoder-webm-vp8: 9c59270c3fd7afecdb556c50c9e8de78 -> 
  custom:SearchIndexIgnoredProperties: e643bd26f0fe6173181afceb89e7c659 -> 
  custom:AudioImporter_EditorPlatform: d09bf68614088b80899f8185d706f6e7 -> 
  custom:video-encoder-webm-vp8: eb34c28f22e8b96e1ab97ce403110664 -> 
  custom:audio-decoder-ogg-vorbis: bf7c407c2cedff20999df2af8eb42d56 -> 
  custom:audio-encoder-webm-vorbis: bf7c407c2cedff20999df2af8eb42d56 -> 
